<?xml version="1.0" encoding="UTF-8"?>
<testsuite xmlns:xsi="http://www.w3.org/2001/XMLSchema-instance" xsi:noNamespaceSchemaLocation="https://maven.apache.org/surefire/maven-surefire-plugin/xsd/surefire-test-report.xsd" name="com.wzz.ExamAdminApplicationTests" time="10.8" tests="6" errors="0" skipped="0" failures="0">
  <properties>
[...]
</properties>
  <testcase name="testRedis" classname="com.wzz.ExamAdminApplicationTests" time="0.584"/>
  <testcase name="t2" classname="com.wzz.ExamAdminApplicationTests" time="0.282"/>
  <testcase name="t3" classname="com.wzz.ExamAdminApplicationTests" time="0.169"/>
  <testcase name="t4" classname="com.wzz.ExamAdminApplicationTests" time="0.055"/>
  <testcase name="t5" classname="com.wzz.ExamAdminApplicationTests" time="0.028"/>
  <testcase name="contextLoads" classname="com.wzz.ExamAdminApplicationTests" time="0.061"/>
</testsuite>